<?xml version="1.0" encoding="UTF-8"?>
<!-- Generated by org.testng.reporters.JUnitReportReporter -->
<testsuite skipped="0" hostname="muvis-MacBook-Air-3.local" name="tests.HotelBookingTest" tests="1" failures="0" timestamp="16 Jul 2018 09:13:03 GMT" time="11.784" errors="0">
  <testcase name="shouldBeAbleToSearchForHotels" time="11.784" classname="tests.HotelBookingTest"/>
</testsuite> <!-- tests.HotelBookingTest -->
