<?xml version="1.0" encoding="UTF-8"?>
<!-- Generated by org.testng.reporters.JUnitReportReporter -->
<testsuite skipped="0" hostname="muvis-MacBook-Air-3.local" name="tests.SignInTest" tests="1" failures="0" timestamp="16 Jul 2018 11:47:30 GMT" time="13.905" errors="0">
  <testcase name="shouldThrowAnErrorIfSignInDetailsAreMissing" time="13.905" classname="tests.SignInTest"/>
</testsuite> <!-- tests.SignInTest -->
