<?xml version="1.0" encoding="UTF-8"?>
<!-- Generated by org.testng.reporters.JUnitReportReporter -->
<testsuite skipped="0" hostname="muvis-MacBook-Air-3.local" name="tests.SignInTest" tests="1" failures="0" timestamp="16 Jul 2018 09:13:03 GMT" time="13.165" errors="0">
  <testcase name="shouldThrowAnErrorIfSignInDetailsAreMissing" time="13.165" classname="tests.SignInTest"/>
</testsuite> <!-- tests.SignInTest -->
