<?xml version="1.0" encoding="UTF-8"?>
<!-- Generated by org.testng.reporters.JUnitReportReporter -->
<testsuite skipped="0" hostname="muvis-MacBook-Air-3.local" name="tests.HotelBookingTest" tests="1" failures="0" timestamp="16 Jul 2018 11:47:30 GMT" time="12.419" errors="0">
  <testcase name="shouldBeAbleToSearchForHotels" time="12.419" classname="tests.HotelBookingTest"/>
</testsuite> <!-- tests.HotelBookingTest -->
