<?xml version="1.0" encoding="UTF-8"?>
<!-- Generated by org.testng.reporters.JUnitReportReporter -->
<testsuite skipped="0" hostname="muvis-MacBook-Air-3.local" name="SignInTest" tests="1" failures="0" timestamp="16 Jul 2018 07:03:15 GMT" time="14.765" errors="0">
  <testcase name="shouldThrowAnErrorIfSignInDetailsAreMissing" time="14.765" classname="SignInTest"/>
</testsuite> <!-- SignInTest -->
